\BOOKMARK [1][-]{section*.5}{Introduction}{}% 1
\BOOKMARK [1][-]{section*.6}{Related Work}{}% 2
\BOOKMARK [1][-]{section*.7}{Motivating Example}{}% 3
\BOOKMARK [2][-]{section*.8}{Completing a Derivation}{section*.7}% 4
\BOOKMARK [1][-]{section*.9}{Interacting with DeduceIt}{}% 5
\BOOKMARK [2][-]{section*.10}{The instructor view: creating an assignment}{section*.9}% 6
\BOOKMARK [3][-]{section*.11}{Rewrite Languages}{section*.10}% 7
\BOOKMARK [2][-]{section*.12}{The student view}{section*.9}% 8
\BOOKMARK [2][-]{section*.13}{Normal or Body Text}{section*.9}% 9
\BOOKMARK [2][-]{section*.14}{First Page Copyright Notice}{section*.9}% 10
\BOOKMARK [2][-]{section*.15}{Subsequent Pages}{section*.9}% 11
\BOOKMARK [2][-]{section*.16}{References and Citations}{section*.9}% 12
\BOOKMARK [1][-]{section*.17}{Sections}{}% 13
\BOOKMARK [2][-]{section*.18}{Subsections}{section*.17}% 14
\BOOKMARK [3][-]{section*.19}{Sub-subsections}{section*.18}% 15
\BOOKMARK [1][-]{section*.20}{Figures/Captions}{}% 16
\BOOKMARK [1][-]{section*.21}{Language, Style and Content}{}% 17
\BOOKMARK [1][-]{section*.22}{Page Numbering, Headers and Footers}{}% 18
\BOOKMARK [1][-]{section*.23}{Producing and Testing PDF Files}{}% 19
\BOOKMARK [1][-]{section*.24}{Blind Review}{}% 20
\BOOKMARK [1][-]{section*.25}{Conclusion}{}% 21
\BOOKMARK [1][-]{section*.26}{Acknowledgments}{}% 22
