\BOOKMARK [1][-]{section*.5}{Introduction}{}% 1
\BOOKMARK [1][-]{section*.6}{Related Work}{}% 2
\BOOKMARK [1][-]{section*.7}{Motivating Example}{}% 3
\BOOKMARK [2][-]{section*.8}{Completing a Derivation}{section*.7}% 4
\BOOKMARK [1][-]{section*.9}{How does a DeduceIt assignment work?}{}% 5
\BOOKMARK [2][-]{section*.10}{Term Rewriting Systems}{section*.9}% 6
\BOOKMARK [2][-]{section*.11}{Assignment Creation}{section*.9}% 7
\BOOKMARK [3][-]{section*.12}{The Language}{section*.11}% 8
\BOOKMARK [3][-]{section*.13}{Rulesets}{section*.11}% 9
\BOOKMARK [2][-]{section*.14}{Assignment Completion}{section*.9}% 10
\BOOKMARK [2][-]{section*.15}{The student view}{section*.9}% 11
\BOOKMARK [2][-]{section*.16}{Normal or Body Text}{section*.9}% 12
\BOOKMARK [2][-]{section*.17}{First Page Copyright Notice}{section*.9}% 13
\BOOKMARK [2][-]{section*.18}{Subsequent Pages}{section*.9}% 14
\BOOKMARK [2][-]{section*.19}{References and Citations}{section*.9}% 15
\BOOKMARK [1][-]{section*.20}{Sections}{}% 16
\BOOKMARK [2][-]{section*.21}{Subsections}{section*.20}% 17
\BOOKMARK [3][-]{section*.22}{Sub-subsections}{section*.21}% 18
\BOOKMARK [1][-]{section*.23}{Figures/Captions}{}% 19
\BOOKMARK [1][-]{section*.24}{Language, Style and Content}{}% 20
\BOOKMARK [1][-]{section*.25}{Page Numbering, Headers and Footers}{}% 21
\BOOKMARK [1][-]{section*.26}{Producing and Testing PDF Files}{}% 22
\BOOKMARK [1][-]{section*.27}{Blind Review}{}% 23
\BOOKMARK [1][-]{section*.28}{Conclusion}{}% 24
\BOOKMARK [1][-]{section*.29}{Acknowledgments}{}% 25
